{"numFailedTestSuites":5,"numFailedTests":0,"numPassedTestSuites":1,"numPassedTests":1,"numPendingTestSuites":0,"numPendingTests":0,"numRuntimeErrorTestSuites":5,"numTodoTests":0,"numTotalTestSuites":6,"numTotalTests":1,"openHandles":[],"snapshot":{"added":0,"didUpdate":false,"failure":false,"filesAdded":0,"filesRemoved":0,"filesRemovedList":[],"filesUnmatched":0,"filesUpdated":0,"matched":0,"total":0,"unchecked":0,"uncheckedKeysByFile":[],"unmatched":0,"updated":0},"startTime":1762623786942,"success":false,"testResults":[{"assertionResults":[{"ancestorTitles":["SignalR Service"],"failureMessages":[],"fullName":"SignalR Service placeholder test","location":null,"status":"passed","title":"placeholder test"}],"endTime":1762623787429,"message":"","name":"/Users/dilarasara/katana/frontend/katana-web/src/services/signalRService.test.ts","startTime":1762623787101,"status":"passed","summary":""},{"assertionResults":[],"coverage":{},"endTime":1762623787536,"message":"  ● Test suite failed to run\n\n    Jest encountered an unexpected token\n\n    Jest failed to parse a file. This happens e.g. when your code or its dependencies use non-standard JavaScript syntax, or when Jest is not configured to support such syntax.\n\n    Out of the box Jest supports Babel, which will be used to transform your files into valid JS based on your Babel configuration.\n\n    By default \"node_modules\" folder is ignored by transformers.\n\n    Here's what you can do:\n     • If you are trying to use ECMAScript Modules, see https://jestjs.io/docs/ecmascript-modules for how to enable it.\n     • If you are trying to use TypeScript, see https://jestjs.io/docs/getting-started#using-typescript\n     • To have some of your \"node_modules\" files transformed, you can specify a custom \"transformIgnorePatterns\" in your config.\n     • If you need a custom transformation specify a \"transform\" option in your config.\n     • If you simply want to mock your non-JS modules (e.g. binary assets) you can stub them out with the \"moduleNameMapper\" config option.\n\n    You'll find more details and examples of these config options in the docs:\n    https://jestjs.io/docs/configuration\n    For information about custom transformations, see:\n    https://jestjs.io/docs/code-transformation\n\n    Details:\n\n    /Users/dilarasara/katana/frontend/katana-web/src/services/api.test.ts:22\n    import * as api from \"./api\";\n    ^^^^^^\n\n    SyntaxError: Cannot use import statement outside a module\n\n      at Runtime.createScriptFromCode (node_modules/jest-runtime/build/index.js:1728:14)\n","name":"/Users/dilarasara/katana/frontend/katana-web/src/services/api.test.ts","startTime":1762623787536,"status":"failed","summary":""},{"assertionResults":[],"coverage":{},"endTime":1762623787536,"message":"  ● Test suite failed to run\n\n    SyntaxError: /Users/dilarasara/katana/frontend/katana-web/src/components/Dashboard/Dashboard.test.tsx: Unexpected token, expected \",\" (17:36)\n\n    \u001b[0m \u001b[90m 15 |\u001b[39m\n     \u001b[90m 16 |\u001b[39m   test(\u001b[32m\"renders loading state initially\"\u001b[39m\u001b[33m,\u001b[39m () \u001b[33m=>\u001b[39m {\n    \u001b[31m\u001b[1m>\u001b[22m\u001b[39m\u001b[90m 17 |\u001b[39m     (api\u001b[33m.\u001b[39mstockAPI\u001b[33m.\u001b[39mgetDashboardStats \u001b[36mas\u001b[39m jest\u001b[33m.\u001b[39m\u001b[33mMock\u001b[39m)\u001b[33m.\u001b[39mmockImplementation(\n     \u001b[90m    |\u001b[39m                                     \u001b[31m\u001b[1m^\u001b[22m\u001b[39m\n     \u001b[90m 18 |\u001b[39m       () \u001b[33m=>\u001b[39m \u001b[36mnew\u001b[39m \u001b[33mPromise\u001b[39m(() \u001b[33m=>\u001b[39m {}) \u001b[90m// Never resolves\u001b[39m\n     \u001b[90m 19 |\u001b[39m     )\u001b[33m;\u001b[39m\n     \u001b[90m 20 |\u001b[39m\u001b[0m\n\n      at toParseError (node_modules/@babel/parser/src/parse-error.ts:95:45)\n      at Parser.raise (node_modules/@babel/parser/src/tokenizer/index.ts:1503:19)\n      at Parser.unexpected (node_modules/@babel/parser/src/tokenizer/index.ts:1543:16)\n      at Parser.expect (node_modules/@babel/parser/src/parser/util.ts:157:12)\n      at Parser.parseParenAndDistinguishExpression (node_modules/@babel/parser/src/parser/expression.ts:1789:14)\n      at Parser.parseExprAtom (node_modules/@babel/parser/src/parser/expression.ts:1162:21)\n      at Parser.parseExprSubscripts (node_modules/@babel/parser/src/parser/expression.ts:734:23)\n      at Parser.parseUpdate (node_modules/@babel/parser/src/parser/expression.ts:713:21)\n      at Parser.parseMaybeUnary (node_modules/@babel/parser/src/parser/expression.ts:675:23)\n      at Parser.parseMaybeUnaryOrPrivate (node_modules/@babel/parser/src/parser/expression.ts:409:14)\n      at Parser.parseExprOps (node_modules/@babel/parser/src/parser/expression.ts:421:23)\n      at Parser.parseMaybeConditional (node_modules/@babel/parser/src/parser/expression.ts:376:23)\n      at Parser.parseMaybeAssign (node_modules/@babel/parser/src/parser/expression.ts:301:21)\n      at Parser.parseExpressionBase (node_modules/@babel/parser/src/parser/expression.ts:226:23)\n      at callback (node_modules/@babel/parser/src/parser/expression.ts:217:39)\n      at Parser.allowInAnd (node_modules/@babel/parser/src/parser/expression.ts:3187:16)\n      at Parser.parseExpression (node_modules/@babel/parser/src/parser/expression.ts:217:17)\n      at Parser.parseStatementContent (node_modules/@babel/parser/src/parser/statement.ts:683:23)\n      at Parser.parseStatementLike (node_modules/@babel/parser/src/parser/statement.ts:477:17)\n      at Parser.parseStatementListItem (node_modules/@babel/parser/src/parser/statement.ts:426:17)\n      at Parser.parseBlockOrModuleBlockBody (node_modules/@babel/parser/src/parser/statement.ts:1439:16)\n      at Parser.parseBlockBody (node_modules/@babel/parser/src/parser/statement.ts:1412:10)\n      at Parser.parseBlock (node_modules/@babel/parser/src/parser/statement.ts:1380:10)\n      at Parser.parseFunctionBody (node_modules/@babel/parser/src/parser/expression.ts:2616:24)\n      at Parser.parseArrowExpression (node_modules/@babel/parser/src/parser/expression.ts:2553:10)\n      at Parser.parseParenAndDistinguishExpression (node_modules/@babel/parser/src/parser/expression.ts:1837:12)\n      at Parser.parseExprAtom (node_modules/@babel/parser/src/parser/expression.ts:1162:21)\n      at Parser.parseExprSubscripts (node_modules/@babel/parser/src/parser/expression.ts:734:23)\n      at Parser.parseUpdate (node_modules/@babel/parser/src/parser/expression.ts:713:21)\n      at Parser.parseMaybeUnary (node_modules/@babel/parser/src/parser/expression.ts:675:23)\n      at Parser.parseMaybeUnaryOrPrivate (node_modules/@babel/parser/src/parser/expression.ts:409:14)\n      at Parser.parseExprOps (node_modules/@babel/parser/src/parser/expression.ts:421:23)\n      at Parser.parseMaybeConditional (node_modules/@babel/parser/src/parser/expression.ts:376:23)\n      at Parser.parseMaybeAssign (node_modules/@babel/parser/src/parser/expression.ts:301:21)\n      at callback (node_modules/@babel/parser/src/parser/expression.ts:257:12)\n      at Parser.allowInAnd (node_modules/@babel/parser/src/parser/expression.ts:3192:12)\n      at Parser.parseMaybeAssignAllowIn (node_modules/@babel/parser/src/parser/expression.ts:256:17)\n      at Parser.parseMaybeAssignAllowInOrVoidPattern (node_modules/@babel/parser/src/parser/expression.ts:3306:17)\n      at Parser.parseExprListItem (node_modules/@babel/parser/src/parser/expression.ts:2788:18)\n      at Parser.parseCallExpressionArguments (node_modules/@babel/parser/src/parser/expression.ts:1034:14)\n      at Parser.parseCoverCallAndAsyncArrowHead (node_modules/@babel/parser/src/parser/expression.ts:914:29)\n      at Parser.parseSubscript (node_modules/@babel/parser/src/parser/expression.ts:796:19)\n      at Parser.parseSubscripts (node_modules/@babel/parser/src/parser/expression.ts:755:19)\n      at Parser.parseExprSubscripts (node_modules/@babel/parser/src/parser/expression.ts:740:17)\n      at Parser.parseUpdate (node_modules/@babel/parser/src/parser/expression.ts:713:21)\n      at Parser.parseMaybeUnary (node_modules/@babel/parser/src/parser/expression.ts:675:23)\n      at Parser.parseMaybeUnaryOrPrivate (node_modules/@babel/parser/src/parser/expression.ts:409:14)\n      at Parser.parseExprOps (node_modules/@babel/parser/src/parser/expression.ts:421:23)\n      at Parser.parseMaybeConditional (node_modules/@babel/parser/src/parser/expression.ts:376:23)\n      at Parser.parseMaybeAssign (node_modules/@babel/parser/src/parser/expression.ts:301:21)\n","name":"/Users/dilarasara/katana/frontend/katana-web/src/components/Dashboard/Dashboard.test.tsx","startTime":1762623787536,"status":"failed","summary":""},{"assertionResults":[],"coverage":{},"endTime":1762623787536,"message":"  ● Test suite failed to run\n\n    Jest encountered an unexpected token\n\n    Jest failed to parse a file. This happens e.g. when your code or its dependencies use non-standard JavaScript syntax, or when Jest is not configured to support such syntax.\n\n    Out of the box Jest supports Babel, which will be used to transform your files into valid JS based on your Babel configuration.\n\n    By default \"node_modules\" folder is ignored by transformers.\n\n    Here's what you can do:\n     • If you are trying to use ECMAScript Modules, see https://jestjs.io/docs/ecmascript-modules for how to enable it.\n     • If you are trying to use TypeScript, see https://jestjs.io/docs/getting-started#using-typescript\n     • To have some of your \"node_modules\" files transformed, you can specify a custom \"transformIgnorePatterns\" in your config.\n     • If you need a custom transformation specify a \"transform\" option in your config.\n     • If you simply want to mock your non-JS modules (e.g. binary assets) you can stub them out with the \"moduleNameMapper\" config option.\n\n    You'll find more details and examples of these config options in the docs:\n    https://jestjs.io/docs/configuration\n    For information about custom transformations, see:\n    https://jestjs.io/docs/code-transformation\n\n    Details:\n\n    SyntaxError: /Users/dilarasara/katana/frontend/katana-web/src/components/Admin/__tests__/PendingAdjustments.test.tsx: Missing semicolon. (16:18)\n\n    \u001b[0m \u001b[90m 14 |\u001b[39m\n     \u001b[90m 15 |\u001b[39m \u001b[90m// Capture handlers to simulate SignalR events\u001b[39m\n    \u001b[31m\u001b[1m>\u001b[22m\u001b[39m\u001b[90m 16 |\u001b[39m \u001b[36mlet\u001b[39m createdHandler\u001b[33m:\u001b[39m ((p\u001b[33m:\u001b[39m any) \u001b[33m=>\u001b[39m \u001b[36mvoid\u001b[39m) \u001b[33m|\u001b[39m \u001b[36mnull\u001b[39m \u001b[33m=\u001b[39m \u001b[36mnull\u001b[39m\u001b[33m;\u001b[39m\n     \u001b[90m    |\u001b[39m                   \u001b[31m\u001b[1m^\u001b[22m\u001b[39m\n     \u001b[90m 17 |\u001b[39m \u001b[36mlet\u001b[39m approvedHandler\u001b[33m:\u001b[39m ((p\u001b[33m:\u001b[39m any) \u001b[33m=>\u001b[39m \u001b[36mvoid\u001b[39m) \u001b[33m|\u001b[39m \u001b[36mnull\u001b[39m \u001b[33m=\u001b[39m \u001b[36mnull\u001b[39m\u001b[33m;\u001b[39m\n     \u001b[90m 18 |\u001b[39m\n     \u001b[90m 19 |\u001b[39m jest\u001b[33m.\u001b[39mmock(\u001b[32m\"../../../services/signalr\"\u001b[39m\u001b[33m,\u001b[39m () \u001b[33m=>\u001b[39m ({\u001b[0m\n\n      at toParseError (node_modules/@babel/parser/src/parse-error.ts:95:45)\n      at Parser.raise (node_modules/@babel/parser/src/tokenizer/index.ts:1503:19)\n      at Parser.semicolon (node_modules/@babel/parser/src/parser/util.ts:149:10)\n      at Parser.parseVarStatement (node_modules/@babel/parser/src/parser/statement.ts:1247:10)\n      at Parser.parseStatementContent (node_modules/@babel/parser/src/parser/statement.ts:607:21)\n      at Parser.parseStatementLike (node_modules/@babel/parser/src/parser/statement.ts:477:17)\n      at Parser.parseModuleItem (node_modules/@babel/parser/src/parser/statement.ts:414:17)\n      at Parser.parseBlockOrModuleBlockBody (node_modules/@babel/parser/src/parser/statement.ts:1438:16)\n      at Parser.parseBlockBody (node_modules/@babel/parser/src/parser/statement.ts:1412:10)\n      at Parser.parseProgram (node_modules/@babel/parser/src/parser/statement.ts:229:10)\n      at Parser.parseTopLevel (node_modules/@babel/parser/src/parser/statement.ts:203:25)\n      at Parser.parse (node_modules/@babel/parser/src/parser/index.ts:93:10)\n      at parse (node_modules/@babel/parser/src/index.ts:92:38)\n      at parser (node_modules/@babel/core/src/parser/index.ts:28:19)\n          at parser.next (<anonymous>)\n      at normalizeFile (node_modules/@babel/core/src/transformation/normalize-file.ts:49:24)\n          at normalizeFile.next (<anonymous>)\n      at run (node_modules/@babel/core/src/transformation/index.ts:40:36)\n          at run.next (<anonymous>)\n      at transform (node_modules/@babel/core/src/transform.ts:29:20)\n          at transform.next (<anonymous>)\n      at evaluateSync (node_modules/gensync/index.js:251:28)\n      at fn (node_modules/gensync/index.js:89:14)\n      at stopHiding - secret - don't use this - v1 (node_modules/@babel/core/src/errors/rewrite-stack-trace.ts:99:14)\n      at transformSync (node_modules/@babel/core/src/transform.ts:66:52)\n      at ScriptTransformer.transformSource (node_modules/@jest/transform/build/ScriptTransformer.js:619:31)\n      at ScriptTransformer._transformAndBuildScript (node_modules/@jest/transform/build/ScriptTransformer.js:765:40)\n      at ScriptTransformer.transform (node_modules/@jest/transform/build/ScriptTransformer.js:822:19)\n","name":"/Users/dilarasara/katana/frontend/katana-web/src/components/Admin/__tests__/PendingAdjustments.test.tsx","startTime":1762623787536,"status":"failed","summary":""},{"assertionResults":[],"coverage":{},"endTime":1762623787536,"message":"  ● Test suite failed to run\n\n    SyntaxError: /Users/dilarasara/katana/frontend/katana-web/src/components/Login/Login.test.tsx: Unexpected token, expected \",\" (10:30)\n\n    \u001b[0m \u001b[90m  8 |\u001b[39m \u001b[90m// Simple mock for react-router-dom to avoid requiring the real package in tests\u001b[39m\n     \u001b[90m  9 |\u001b[39m jest\u001b[33m.\u001b[39mmock(\u001b[32m\"react-router-dom\"\u001b[39m\u001b[33m,\u001b[39m () \u001b[33m=>\u001b[39m ({\n    \u001b[31m\u001b[1m>\u001b[22m\u001b[39m\u001b[90m 10 |\u001b[39m   \u001b[33mBrowserRouter\u001b[39m\u001b[33m:\u001b[39m ({ children }\u001b[33m:\u001b[39m any) \u001b[33m=>\u001b[39m \u001b[33m<\u001b[39m\u001b[33mdiv\u001b[39m\u001b[33m>\u001b[39m{children}\u001b[33m<\u001b[39m\u001b[33m/\u001b[39m\u001b[33mdiv\u001b[39m\u001b[33m>\u001b[39m\u001b[33m,\u001b[39m\n     \u001b[90m    |\u001b[39m                               \u001b[31m\u001b[1m^\u001b[22m\u001b[39m\n     \u001b[90m 11 |\u001b[39m   \u001b[33mRoutes\u001b[39m\u001b[33m:\u001b[39m ({ children }\u001b[33m:\u001b[39m any) \u001b[33m=>\u001b[39m \u001b[33m<\u001b[39m\u001b[33mdiv\u001b[39m\u001b[33m>\u001b[39m{children}\u001b[33m<\u001b[39m\u001b[33m/\u001b[39m\u001b[33mdiv\u001b[39m\u001b[33m>\u001b[39m\u001b[33m,\u001b[39m\n     \u001b[90m 12 |\u001b[39m   \u001b[33mRoute\u001b[39m\u001b[33m:\u001b[39m ({ element }\u001b[33m:\u001b[39m any) \u001b[33m=>\u001b[39m element \u001b[33m||\u001b[39m \u001b[36mnull\u001b[39m\u001b[33m,\u001b[39m\n     \u001b[90m 13 |\u001b[39m   useNavigate\u001b[33m:\u001b[39m () \u001b[33m=>\u001b[39m mockedNavigate\u001b[33m,\u001b[39m\u001b[0m\n\n      at toParseError (node_modules/@babel/parser/src/parse-error.ts:95:45)\n      at Parser.raise (node_modules/@babel/parser/src/tokenizer/index.ts:1503:19)\n      at Parser.unexpected (node_modules/@babel/parser/src/tokenizer/index.ts:1543:16)\n      at Parser.expect (node_modules/@babel/parser/src/parser/util.ts:157:12)\n      at Parser.parseParenAndDistinguishExpression (node_modules/@babel/parser/src/parser/expression.ts:1789:14)\n      at Parser.parseExprAtom (node_modules/@babel/parser/src/parser/expression.ts:1162:21)\n      at Parser.parseExprSubscripts (node_modules/@babel/parser/src/parser/expression.ts:734:23)\n      at Parser.parseUpdate (node_modules/@babel/parser/src/parser/expression.ts:713:21)\n      at Parser.parseMaybeUnary (node_modules/@babel/parser/src/parser/expression.ts:675:23)\n      at Parser.parseMaybeUnaryOrPrivate (node_modules/@babel/parser/src/parser/expression.ts:409:14)\n      at Parser.parseExprOps (node_modules/@babel/parser/src/parser/expression.ts:421:23)\n      at Parser.parseMaybeConditional (node_modules/@babel/parser/src/parser/expression.ts:376:23)\n      at Parser.parseMaybeAssign (node_modules/@babel/parser/src/parser/expression.ts:301:21)\n      at callback (node_modules/@babel/parser/src/parser/expression.ts:257:12)\n      at Parser.allowInAnd (node_modules/@babel/parser/src/parser/expression.ts:3192:12)\n      at Parser.parseMaybeAssignAllowIn (node_modules/@babel/parser/src/parser/expression.ts:256:17)\n      at Parser.parseMaybeAssignAllowInOrVoidPattern (node_modules/@babel/parser/src/parser/expression.ts:3306:17)\n      at Parser.parseObjectProperty (node_modules/@babel/parser/src/parser/expression.ts:2315:16)\n      at Parser.parseObjPropValue (node_modules/@babel/parser/src/parser/expression.ts:2378:12)\n      at Parser.parsePropertyDefinition (node_modules/@babel/parser/src/parser/expression.ts:2218:17)\n      at Parser.parseObjectLike (node_modules/@babel/parser/src/parser/expression.ts:2085:21)\n      at Parser.parseExprAtom (node_modules/@babel/parser/src/parser/expression.ts:1174:21)\n      at Parser.parseExprSubscripts (node_modules/@babel/parser/src/parser/expression.ts:734:23)\n      at Parser.parseUpdate (node_modules/@babel/parser/src/parser/expression.ts:713:21)\n      at Parser.parseMaybeUnary (node_modules/@babel/parser/src/parser/expression.ts:675:23)\n      at Parser.parseMaybeUnaryOrPrivate (node_modules/@babel/parser/src/parser/expression.ts:409:14)\n      at Parser.parseExprOps (node_modules/@babel/parser/src/parser/expression.ts:421:23)\n      at Parser.parseMaybeConditional (node_modules/@babel/parser/src/parser/expression.ts:376:23)\n      at Parser.parseMaybeAssign (node_modules/@babel/parser/src/parser/expression.ts:301:21)\n      at callback (node_modules/@babel/parser/src/parser/expression.ts:257:12)\n      at Parser.allowInAnd (node_modules/@babel/parser/src/parser/expression.ts:3192:12)\n      at Parser.parseMaybeAssignAllowIn (node_modules/@babel/parser/src/parser/expression.ts:256:17)\n      at Parser.parseMaybeAssignAllowInOrVoidPattern (node_modules/@babel/parser/src/parser/expression.ts:3306:17)\n      at Parser.parseParenAndDistinguishExpression (node_modules/@babel/parser/src/parser/expression.ts:1813:16)\n      at Parser.parseExprAtom (node_modules/@babel/parser/src/parser/expression.ts:1162:21)\n      at Parser.parseExprSubscripts (node_modules/@babel/parser/src/parser/expression.ts:734:23)\n      at Parser.parseUpdate (node_modules/@babel/parser/src/parser/expression.ts:713:21)\n      at Parser.parseMaybeUnary (node_modules/@babel/parser/src/parser/expression.ts:675:23)\n      at Parser.parseMaybeUnaryOrPrivate (node_modules/@babel/parser/src/parser/expression.ts:409:14)\n      at Parser.parseExprOps (node_modules/@babel/parser/src/parser/expression.ts:421:23)\n      at Parser.parseMaybeConditional (node_modules/@babel/parser/src/parser/expression.ts:376:23)\n      at Parser.parseMaybeAssign (node_modules/@babel/parser/src/parser/expression.ts:301:21)\n      at Parser.parseFunctionBody (node_modules/@babel/parser/src/parser/expression.ts:2602:14)\n      at Parser.parseArrowExpression (node_modules/@babel/parser/src/parser/expression.ts:2553:10)\n      at Parser.parseParenAndDistinguishExpression (node_modules/@babel/parser/src/parser/expression.ts:1837:12)\n      at Parser.parseExprAtom (node_modules/@babel/parser/src/parser/expression.ts:1162:21)\n      at Parser.parseExprSubscripts (node_modules/@babel/parser/src/parser/expression.ts:734:23)\n      at Parser.parseUpdate (node_modules/@babel/parser/src/parser/expression.ts:713:21)\n      at Parser.parseMaybeUnary (node_modules/@babel/parser/src/parser/expression.ts:675:23)\n      at Parser.parseMaybeUnaryOrPrivate (node_modules/@babel/parser/src/parser/expression.ts:409:14)\n","name":"/Users/dilarasara/katana/frontend/katana-web/src/components/Login/Login.test.tsx","startTime":1762623787536,"status":"failed","summary":""},{"assertionResults":[],"coverage":{},"endTime":1762623787536,"message":"  ● Test suite failed to run\n\n    Jest encountered an unexpected token\n\n    Jest failed to parse a file. This happens e.g. when your code or its dependencies use non-standard JavaScript syntax, or when Jest is not configured to support such syntax.\n\n    Out of the box Jest supports Babel, which will be used to transform your files into valid JS based on your Babel configuration.\n\n    By default \"node_modules\" folder is ignored by transformers.\n\n    Here's what you can do:\n     • If you are trying to use ECMAScript Modules, see https://jestjs.io/docs/ecmascript-modules for how to enable it.\n     • If you are trying to use TypeScript, see https://jestjs.io/docs/getting-started#using-typescript\n     • To have some of your \"node_modules\" files transformed, you can specify a custom \"transformIgnorePatterns\" in your config.\n     • If you need a custom transformation specify a \"transform\" option in your config.\n     • If you simply want to mock your non-JS modules (e.g. binary assets) you can stub them out with the \"moduleNameMapper\" config option.\n\n    You'll find more details and examples of these config options in the docs:\n    https://jestjs.io/docs/configuration\n    For information about custom transformations, see:\n    https://jestjs.io/docs/code-transformation\n\n    Details:\n\n    SyntaxError: /Users/dilarasara/katana/frontend/katana-web/src/App.test.tsx: Support for the experimental syntax 'jsx' isn't currently enabled (6:51):\n\n    \u001b[0m \u001b[90m 4 |\u001b[39m\n     \u001b[90m 5 |\u001b[39m \u001b[90m// Mock all components that might cause issues\u001b[39m\n    \u001b[31m\u001b[1m>\u001b[22m\u001b[39m\u001b[90m 6 |\u001b[39m jest\u001b[33m.\u001b[39mmock(\u001b[32m\"./components/Login/Login\"\u001b[39m\u001b[33m,\u001b[39m () \u001b[33m=>\u001b[39m () \u001b[33m=>\u001b[39m \u001b[33m<\u001b[39m\u001b[33mdiv\u001b[39m\u001b[33m>\u001b[39m\u001b[33mLogin\u001b[39m \u001b[33mComponent\u001b[39m\u001b[33m<\u001b[39m\u001b[33m/\u001b[39m\u001b[33mdiv\u001b[39m\u001b[33m>\u001b[39m)\u001b[33m;\u001b[39m\n     \u001b[90m   |\u001b[39m                                                   \u001b[31m\u001b[1m^\u001b[22m\u001b[39m\n     \u001b[90m 7 |\u001b[39m jest\u001b[33m.\u001b[39mmock(\u001b[32m\"./components/Dashboard/Dashboard\"\u001b[39m\u001b[33m,\u001b[39m () \u001b[33m=>\u001b[39m () \u001b[33m=>\u001b[39m (\n     \u001b[90m 8 |\u001b[39m   \u001b[33m<\u001b[39m\u001b[33mdiv\u001b[39m\u001b[33m>\u001b[39m\u001b[33mDashboard\u001b[39m \u001b[33mComponent\u001b[39m\u001b[33m<\u001b[39m\u001b[33m/\u001b[39m\u001b[33mdiv\u001b[39m\u001b[33m>\u001b[39m\n     \u001b[90m 9 |\u001b[39m ))\u001b[33m;\u001b[39m\u001b[0m\n\n    Add @babel/preset-react (https://github.com/babel/babel/tree/main/packages/babel-preset-react) to the 'presets' section of your Babel config to enable transformation.\n    If you want to leave it as-is, add @babel/plugin-syntax-jsx (https://github.com/babel/babel/tree/main/packages/babel-plugin-syntax-jsx) to the 'plugins' section to enable parsing.\n\n    If you already added the plugin for this syntax to your config, it's possible that your config isn't being loaded.\n    You can re-run Babel with the BABEL_SHOW_CONFIG_FOR environment variable to show the loaded configuration:\n    \tnpx cross-env BABEL_SHOW_CONFIG_FOR=/Users/dilarasara/katana/frontend/katana-web/src/App.test.tsx <your build command>\n    See https://babeljs.io/docs/configuration#print-effective-configs for more info.\n\n      at toParseError (node_modules/@babel/parser/src/parse-error.ts:95:45)\n      at Parser.raise (node_modules/@babel/parser/src/tokenizer/index.ts:1503:19)\n      at Parser.expectOnePlugin (node_modules/@babel/parser/src/tokenizer/index.ts:1568:18)\n      at Parser.parseExprAtom (node_modules/@babel/parser/src/parser/expression.ts:1264:16)\n      at Parser.parseExprSubscripts (node_modules/@babel/parser/src/parser/expression.ts:734:23)\n      at Parser.parseUpdate (node_modules/@babel/parser/src/parser/expression.ts:713:21)\n      at Parser.parseMaybeUnary (node_modules/@babel/parser/src/parser/expression.ts:675:23)\n      at Parser.parseMaybeUnaryOrPrivate (node_modules/@babel/parser/src/parser/expression.ts:409:14)\n      at Parser.parseExprOps (node_modules/@babel/parser/src/parser/expression.ts:421:23)\n      at Parser.parseMaybeConditional (node_modules/@babel/parser/src/parser/expression.ts:376:23)\n      at Parser.parseMaybeAssign (node_modules/@babel/parser/src/parser/expression.ts:301:21)\n      at Parser.parseFunctionBody (node_modules/@babel/parser/src/parser/expression.ts:2602:14)\n      at Parser.parseArrowExpression (node_modules/@babel/parser/src/parser/expression.ts:2553:10)\n      at Parser.parseParenAndDistinguishExpression (node_modules/@babel/parser/src/parser/expression.ts:1837:12)\n      at Parser.parseExprAtom (node_modules/@babel/parser/src/parser/expression.ts:1162:21)\n      at Parser.parseExprSubscripts (node_modules/@babel/parser/src/parser/expression.ts:734:23)\n      at Parser.parseUpdate (node_modules/@babel/parser/src/parser/expression.ts:713:21)\n      at Parser.parseMaybeUnary (node_modules/@babel/parser/src/parser/expression.ts:675:23)\n      at Parser.parseMaybeUnaryOrPrivate (node_modules/@babel/parser/src/parser/expression.ts:409:14)\n      at Parser.parseExprOps (node_modules/@babel/parser/src/parser/expression.ts:421:23)\n      at Parser.parseMaybeConditional (node_modules/@babel/parser/src/parser/expression.ts:376:23)\n      at Parser.parseMaybeAssign (node_modules/@babel/parser/src/parser/expression.ts:301:21)\n      at Parser.parseFunctionBody (node_modules/@babel/parser/src/parser/expression.ts:2602:14)\n      at Parser.parseArrowExpression (node_modules/@babel/parser/src/parser/expression.ts:2553:10)\n      at Parser.parseParenAndDistinguishExpression (node_modules/@babel/parser/src/parser/expression.ts:1837:12)\n      at Parser.parseExprAtom (node_modules/@babel/parser/src/parser/expression.ts:1162:21)\n      at Parser.parseExprSubscripts (node_modules/@babel/parser/src/parser/expression.ts:734:23)\n      at Parser.parseUpdate (node_modules/@babel/parser/src/parser/expression.ts:713:21)\n      at Parser.parseMaybeUnary (node_modules/@babel/parser/src/parser/expression.ts:675:23)\n      at Parser.parseMaybeUnaryOrPrivate (node_modules/@babel/parser/src/parser/expression.ts:409:14)\n      at Parser.parseExprOps (node_modules/@babel/parser/src/parser/expression.ts:421:23)\n      at Parser.parseMaybeConditional (node_modules/@babel/parser/src/parser/expression.ts:376:23)\n      at Parser.parseMaybeAssign (node_modules/@babel/parser/src/parser/expression.ts:301:21)\n      at callback (node_modules/@babel/parser/src/parser/expression.ts:257:12)\n      at Parser.allowInAnd (node_modules/@babel/parser/src/parser/expression.ts:3192:12)\n      at Parser.parseMaybeAssignAllowIn (node_modules/@babel/parser/src/parser/expression.ts:256:17)\n      at Parser.parseMaybeAssignAllowInOrVoidPattern (node_modules/@babel/parser/src/parser/expression.ts:3306:17)\n      at Parser.parseExprListItem (node_modules/@babel/parser/src/parser/expression.ts:2788:18)\n      at Parser.parseCallExpressionArguments (node_modules/@babel/parser/src/parser/expression.ts:1034:14)\n      at Parser.parseCoverCallAndAsyncArrowHead (node_modules/@babel/parser/src/parser/expression.ts:914:29)\n      at Parser.parseSubscript (node_modules/@babel/parser/src/parser/expression.ts:796:19)\n      at Parser.parseSubscripts (node_modules/@babel/parser/src/parser/expression.ts:755:19)\n      at Parser.parseExprSubscripts (node_modules/@babel/parser/src/parser/expression.ts:740:17)\n      at Parser.parseUpdate (node_modules/@babel/parser/src/parser/expression.ts:713:21)\n      at Parser.parseMaybeUnary (node_modules/@babel/parser/src/parser/expression.ts:675:23)\n      at Parser.parseMaybeUnaryOrPrivate (node_modules/@babel/parser/src/parser/expression.ts:409:14)\n      at Parser.parseExprOps (node_modules/@babel/parser/src/parser/expression.ts:421:23)\n      at Parser.parseMaybeConditional (node_modules/@babel/parser/src/parser/expression.ts:376:23)\n      at Parser.parseMaybeAssign (node_modules/@babel/parser/src/parser/expression.ts:301:21)\n      at Parser.parseExpressionBase (node_modules/@babel/parser/src/parser/expression.ts:226:23)\n","name":"/Users/dilarasara/katana/frontend/katana-web/src/App.test.tsx","startTime":1762623787536,"status":"failed","summary":""}],"wasInterrupted":false}